 
****************************************
Report : power
        -cell
        -analysis_effort low
        -sort_mode cell_internal_power
Design : SIPISOALU
Version: F-2011.09-SP3
Date   : Thu Apr 14 15:30:41 2022
****************************************


Library(s) Used:

    NangateOpenCellLibrary (File: /home/mariagrazia.graziano/do/libnangate/NangateOpenCellLibrary_typical_ecsm.db)


Operating Conditions: typical   Library: NangateOpenCellLibrary
Wire Load Model Mode: top

Design        Wire Load Model            Library
------------------------------------------------
SIPISOALU              5K_hvratio_1_1    NangateOpenCellLibrary


Global Operating Voltage = 1.1  
Power-specific unit information :
    Voltage Units = 1V
    Capacitance Units = 1.000000ff
    Time Units = 1ns
    Dynamic Power Units = 1uW    (derived from V,C,T units)
    Leakage Power Units = 1nW



  Attributes
  ----------
      h  -  Hierarchical cell

                        Cell      Driven Net  Tot Dynamic      Cell
                        Internal  Switching   Power            Leakage
Cell                    Power     Power       (% Cell/Tot)     Power      Attrs
--------------------------------------------------------------------------------
control                    4.8742       N/A        N/A (N/A)   2120.2188  h
PISO_reg[1]                0.7164 2.084e-03      0.718 (100%)   115.5605   
PISO_reg[2]                0.7147 1.825e-03      0.717 (100%)   115.4333   
SIPO_reg[0]                0.7129    0.0220      0.735 (97%)    118.6288   
PISO_reg[3]                0.7129 1.486e-03      0.714 (100%)   115.3503   
PISO_reg[0]                0.7125 1.567e-03      0.714 (100%)   116.1781   
SIPO_reg[1]                0.7125    0.0205      0.733 (97%)    118.3066   
SIPO_reg[2]                0.7106 7.962e-03      0.719 (99%)    118.1403   
PIPO_reg[1]                0.7098    0.0175      0.727 (98%)    118.6784   
PIPO_reg[0]                0.7080    0.0167      0.725 (98%)    118.6948   
PIPO_reg[2]                0.7048    0.0123      0.717 (98%)    118.6978   
PIPO_reg[3]                0.7041 8.199e-03      0.712 (99%)    118.7463   
U113                       0.0471    0.0156   6.27e-02 (75%)     32.2076   
U94                        0.0250 8.928e-03   3.39e-02 (74%)     36.4648   
U103                       0.0229 7.463e-03   3.03e-02 (75%)     25.0984   
U99                        0.0227 7.860e-03   3.06e-02 (74%)     36.6156   
U95                        0.0172    0.0109   2.81e-02 (61%)     37.4949   
U100                       0.0159 9.966e-03   2.59e-02 (62%)     37.6709   
U108                       0.0108 6.326e-03   1.71e-02 (63%)     20.9459   
U109                       0.0105 8.161e-03   1.86e-02 (56%)     37.6069   
U132                       0.0100    0.1937      0.204 (5%)      14.3532   
U115                    8.666e-03 3.391e-03   1.21e-02 (72%)     34.6003   
U125                    8.245e-03 3.245e-03   1.15e-02 (72%)     34.6156   
U127                    8.159e-03 3.218e-03   1.14e-02 (72%)     34.7050   
U116                    7.771e-03 5.302e-03   1.31e-02 (59%)     15.1110   
U121                    7.729e-03 3.019e-03   1.07e-02 (72%)     34.6499   
U126                    7.382e-03 4.944e-03   1.23e-02 (60%)      6.8361   
U128                    7.267e-03 4.867e-03   1.21e-02 (60%)      6.8361   
U124                    7.022e-03 4.702e-03   1.17e-02 (60%)      6.8361   
U122                    7.001e-03 4.662e-03   1.17e-02 (60%)     14.8704   
U118                    6.798e-03 4.834e-03   1.16e-02 (58%)      6.0965   
U119                    6.628e-03 2.586e-03   9.21e-03 (72%)     35.2567   
U123                    6.334e-03 3.083e-03   9.42e-03 (67%)     36.3470   
U120                    6.204e-03 4.413e-03   1.06e-02 (58%)      5.8327   
U117                    6.059e-03 2.913e-03   8.97e-03 (68%)     36.6168   
U106                    4.393e-03 5.597e-03   9.99e-03 (44%)     44.5801   
U104                    3.959e-03 2.919e-03   6.88e-03 (58%)     56.2957   
U96                     3.899e-03 4.258e-03   8.16e-03 (48%)      6.8265   
U93                     2.718e-03 1.240e-03   3.96e-03 (69%)     11.0595   
U92                     2.315e-03 9.001e-04   3.22e-03 (72%)     34.9515   
U98                     2.302e-03 9.690e-04   3.27e-03 (70%)      7.4813   
U130                    2.163e-03 6.220e-03   8.38e-03 (26%)     10.5245   
U110                    2.056e-03 1.070e-03   3.13e-03 (66%)     37.1217   
U111                    1.925e-03 1.510e-03   3.44e-03 (56%)     17.8085   
U114                    1.511e-03 4.149e-03   5.66e-03 (27%)     20.1399   
U97                     1.350e-03 7.036e-04   2.05e-03 (66%)     37.2975   
U105                    1.305e-03 1.144e-03   2.45e-03 (53%)      4.6577   
U112                    1.208e-03 3.883e-03   5.09e-03 (24%)     18.7711   
U101                    1.188e-03 5.523e-04   1.74e-03 (68%)     45.9619   
U131                    1.137e-03 1.254e-03   2.39e-03 (48%)     10.1501   
U107                    1.115e-03 1.002e-03   2.12e-03 (53%)      6.0240   
U129                    1.050e-03 3.967e-03   5.02e-03 (21%)     18.4413   
U102                       0.0000    0.0000      0.000 (N/A)     24.4284   
--------------------------------------------------------------------------------
Totals (53 cells)         13.012uW     N/A         N/A (N/A)      4.413uW
1
