 
****************************************
Report : timing
        -path full
        -delay max
        -max_paths 1
Design : SIPISOALU
Version: F-2011.09-SP3
Date   : Thu Apr 14 15:30:18 2022
****************************************

Operating Conditions: typical   Library: NangateOpenCellLibrary
Wire Load Model Mode: top

  Startpoint: control/CURRENT_STATE_reg[2]
              (rising edge-triggered flip-flop clocked by CLK)
  Endpoint: PISO_reg[0]
            (rising edge-triggered flip-flop clocked by CLK)
  Path Group: CLK
  Path Type: max

  Des/Clust/Port     Wire Load Model       Library
  ------------------------------------------------
  SIPISOALU          5K_hvratio_1_1        NangateOpenCellLibrary

  Point                                                   Incr       Path
  --------------------------------------------------------------------------
  clock CLK (rise edge)                                   0.00       0.00
  clock network delay (ideal)                             0.00       0.00
  control/CURRENT_STATE_reg[2]/CK (DFFR_X1)               0.00       0.00 r
  control/CURRENT_STATE_reg[2]/Q (DFFR_X1)                0.12       0.12 r
  control/U55/ZN (NAND3_X1)                               0.06       0.18 f
  control/U6/ZN (NOR3_X1)                                 0.13       0.32 r
  control/loadC (sipisoAluControl)                        0.00       0.32 r
  U104/ZN (OR2_X1)                                        0.07       0.38 r
  U82/ZN (NAND2_X1)                                       0.05       0.43 f
  U96/ZN (OAI221_X1)                                      0.06       0.49 r
  PISO_reg[0]/D (DFFR_X1)                                 0.01       0.50 r
  data arrival time                                                  0.50

  clock CLK (rise edge)                                  10.00      10.00
  clock network delay (ideal)                             0.00      10.00
  PISO_reg[0]/CK (DFFR_X1)                                0.00      10.00 r
  library setup time                                     -0.04       9.96
  data required time                                                 9.96
  --------------------------------------------------------------------------
  data required time                                                 9.96
  data arrival time                                                 -0.50
  --------------------------------------------------------------------------
  slack (MET)                                                        9.46


1
